<?xml version="1.0" encoding="UTF-8"?>
<!-- Generated by org.testng.reporters.JUnitReportReporter -->
<testsuite hostname="Sony-PC" name="qa.pags.Newtest" tests="1" failures="0" timestamp="27 May 2019 12:13:03 GMT" time="0.008" errors="0">
  <testcase name="alltest" time="0.008" classname="qa.pags.Newtest"/>
</testsuite> <!-- qa.pags.Newtest -->
